<?xml version="1.0" encoding="UTF-8"?>
<testng-results skipped="0" failed="1" total="8" passed="7">
  <reporter-output>
  </reporter-output>
  <suite name="Default suite" duration-ms="13036" started-at="2016-07-29T07:17:15Z" finished-at="2016-07-29T07:17:28Z">
    <groups>
    </groups>
    <test name="Default test" duration-ms="13036" started-at="2016-07-29T07:17:15Z" finished-at="2016-07-29T07:17:28Z">
      <class name="com.testng.ex.GoogleForm">
        <test-method status="PASS" signature="setDriver()[pri:0, instance:com.testng.ex.GoogleForm@457e2f02]" name="setDriver" is-config="true" duration-ms="9927" started-at="2016-07-29T12:47:15Z" finished-at="2016-07-29T12:47:25Z">
          <reporter-output>
          </reporter-output>
        </test-method> <!-- setDriver -->
        <test-method status="PASS" signature="birthday()[pri:0, instance:com.testng.ex.GoogleForm@457e2f02]" name="birthday" duration-ms="375" started-at="2016-07-29T12:47:25Z" finished-at="2016-07-29T12:47:25Z">
          <reporter-output>
          </reporter-output>
        </test-method> <!-- birthday -->
        <test-method status="PASS" signature="gender()[pri:0, instance:com.testng.ex.GoogleForm@457e2f02]" name="gender" duration-ms="84" started-at="2016-07-29T12:47:25Z" finished-at="2016-07-29T12:47:25Z">
          <reporter-output>
          </reporter-output>
        </test-method> <!-- gender -->
        <test-method status="FAIL" signature="names()[pri:0, instance:com.testng.ex.GoogleForm@457e2f02]" name="names" duration-ms="444" started-at="2016-07-29T12:47:25Z" finished-at="2016-07-29T12:47:26Z">
          <exception class="java.lang.AssertionError">
            <message>
              <![CDATA[expected [Das] but found []]]>
            </message>
            <full-stacktrace>
              <![CDATA[java.lang.AssertionError: expected [Das] but found []
	at org.testng.Assert.fail(Assert.java:94)
	at org.testng.Assert.failNotEquals(Assert.java:513)
	at org.testng.Assert.assertEqualsImpl(Assert.java:135)
	at org.testng.Assert.assertEquals(Assert.java:116)
	at org.testng.Assert.assertEquals(Assert.java:190)
	at org.testng.Assert.assertEquals(Assert.java:200)
	at com.testng.ex.GoogleForm.names(GoogleForm.java:35)
	at sun.reflect.NativeMethodAccessorImpl.invoke0(Native Method)
	at sun.reflect.NativeMethodAccessorImpl.invoke(Unknown Source)
	at sun.reflect.DelegatingMethodAccessorImpl.invoke(Unknown Source)
	at java.lang.reflect.Method.invoke(Unknown Source)
	at org.testng.internal.MethodInvocationHelper.invokeMethod(MethodInvocationHelper.java:100)
	at org.testng.internal.Invoker.invokeMethod(Invoker.java:646)
	at org.testng.internal.Invoker.invokeTestMethod(Invoker.java:811)
	at org.testng.internal.Invoker.invokeTestMethods(Invoker.java:1129)
	at org.testng.internal.TestMethodWorker.invokeTestMethods(TestMethodWorker.java:129)
	at org.testng.internal.TestMethodWorker.run(TestMethodWorker.java:112)
	at org.testng.TestRunner.privateRun(TestRunner.java:746)
	at org.testng.TestRunner.run(TestRunner.java:600)
	at org.testng.SuiteRunner.runTest(SuiteRunner.java:366)
	at org.testng.SuiteRunner.runSequentially(SuiteRunner.java:361)
	at org.testng.SuiteRunner.privateRun(SuiteRunner.java:319)
	at org.testng.SuiteRunner.run(SuiteRunner.java:268)
	at org.testng.SuiteRunnerWorker.runSuite(SuiteRunnerWorker.java:52)
	at org.testng.SuiteRunnerWorker.run(SuiteRunnerWorker.java:86)
	at org.testng.TestNG.runSuitesSequentially(TestNG.java:1264)
	at org.testng.TestNG.runSuitesLocally(TestNG.java:1189)
	at org.testng.TestNG.runSuites(TestNG.java:1104)
	at org.testng.TestNG.run(TestNG.java:1076)
	at org.testng.remote.AbstractRemoteTestNG.run(AbstractRemoteTestNG.java:126)
	at org.testng.remote.RemoteTestNG.initAndRun(RemoteTestNG.java:152)
	at org.testng.remote.RemoteTestNG.main(RemoteTestNG.java:57)
]]>
            </full-stacktrace>
          </exception> <!-- java.lang.AssertionError -->
          <reporter-output>
          </reporter-output>
        </test-method> <!-- names -->
        <test-method status="PASS" signature="passwd()[pri:0, instance:com.testng.ex.GoogleForm@457e2f02]" name="passwd" duration-ms="342" started-at="2016-07-29T12:47:26Z" finished-at="2016-07-29T12:47:26Z">
          <reporter-output>
          </reporter-output>
        </test-method> <!-- passwd -->
        <test-method status="PASS" signature="phoneNumber()[pri:0, instance:com.testng.ex.GoogleForm@457e2f02]" name="phoneNumber" duration-ms="162" started-at="2016-07-29T12:47:26Z" finished-at="2016-07-29T12:47:26Z">
          <reporter-output>
          </reporter-output>
        </test-method> <!-- phoneNumber -->
        <test-method status="PASS" signature="setCountry()[pri:0, instance:com.testng.ex.GoogleForm@457e2f02]" name="setCountry" duration-ms="71" started-at="2016-07-29T12:47:26Z" finished-at="2016-07-29T12:47:26Z">
          <reporter-output>
          </reporter-output>
        </test-method> <!-- setCountry -->
        <test-method status="PASS" signature="userName()[pri:0, instance:com.testng.ex.GoogleForm@457e2f02]" name="userName" duration-ms="195" started-at="2016-07-29T12:47:26Z" finished-at="2016-07-29T12:47:27Z">
          <reporter-output>
          </reporter-output>
        </test-method> <!-- userName -->
        <test-method status="PASS" signature="setandGO()[pri:3, instance:com.testng.ex.GoogleForm@457e2f02]" name="setandGO" duration-ms="1394" started-at="2016-07-29T12:47:27Z" finished-at="2016-07-29T12:47:28Z">
          <reporter-output>
          </reporter-output>
        </test-method> <!-- setandGO -->
      </class> <!-- com.testng.ex.GoogleForm -->
    </test> <!-- Default test -->
  </suite> <!-- Default suite -->
</testng-results>
